2017-09-20 19:25:27,990 [main] INFO  com.cn.core.GoPartyWebServiceApplication - Starting GoPartyWebServiceApplication on hes-MacBook-Air.local with PID 22814 (/Users/hexinlai/Documents/GoParty/GoPartyWebService/target/classes started by hexinlai in /Users/hexinlai/Documents/GoParty/GoPartyWebService)
2017-09-20 19:25:27,994 [main] INFO  com.cn.core.GoPartyWebServiceApplication - No active profile set, falling back to default profiles: default
2017-09-20 19:25:28,117 [main] INFO  o.s.boot.context.embedded.AnnotationConfigEmbeddedWebApplicationContext - Refreshing org.springframework.boot.context.embedded.AnnotationConfigEmbeddedWebApplicationContext@1534f01b: startup date [Wed Sep 20 19:25:28 CST 2017]; root of context hierarchy
2017-09-20 19:25:28,610 [background-preinit] INFO  org.hibernate.validator.internal.util.Version - HV000001: Hibernate Validator 5.3.5.Final
2017-09-20 19:25:30,712 [main] INFO  org.springframework.boot.context.embedded.tomcat.TomcatEmbeddedServletContainer - Tomcat initialized with port(s): 8080 (http)
2017-09-20 19:25:30,741 [main] INFO  org.apache.catalina.core.StandardService - Starting service [Tomcat]
2017-09-20 19:25:30,743 [main] INFO  org.apache.catalina.core.StandardEngine - Starting Servlet Engine: Apache Tomcat/8.5.16
2017-09-20 19:25:30,934 [localhost-startStop-1] INFO  org.apache.catalina.core.ContainerBase.[Tomcat].[localhost].[/] - Initializing Spring embedded WebApplicationContext
2017-09-20 19:25:30,935 [localhost-startStop-1] INFO  org.springframework.web.context.ContextLoader - Root WebApplicationContext: initialization completed in 2818 ms
2017-09-20 19:25:31,168 [localhost-startStop-1] INFO  org.springframework.boot.web.servlet.ServletRegistrationBean - Mapping servlet: 'dispatcherServlet' to [/]
2017-09-20 19:25:31,175 [localhost-startStop-1] INFO  org.springframework.boot.web.servlet.FilterRegistrationBean - Mapping filter: 'characterEncodingFilter' to: [/*]
2017-09-20 19:25:31,176 [localhost-startStop-1] INFO  org.springframework.boot.web.servlet.FilterRegistrationBean - Mapping filter: 'hiddenHttpMethodFilter' to: [/*]
2017-09-20 19:25:31,176 [localhost-startStop-1] INFO  org.springframework.boot.web.servlet.FilterRegistrationBean - Mapping filter: 'httpPutFormContentFilter' to: [/*]
2017-09-20 19:25:31,177 [localhost-startStop-1] INFO  org.springframework.boot.web.servlet.FilterRegistrationBean - Mapping filter: 'requestContextFilter' to: [/*]
2017-09-20 19:25:31,267 [main] INFO  com.cn.config.DataSourceConfiguration - Start To Set Datasource
2017-09-20 19:25:31,285 [main] INFO  org.springframework.jdbc.datasource.DriverManagerDataSource - Loaded JDBC driver: com.mysql.jdbc.Driver
2017-09-20 19:25:31,285 [main] INFO  com.cn.config.DataSourceConfiguration - Set Datasource Successfully
2017-09-20 19:25:31,582 [main] INFO  org.hibernate.annotations.common.Version - HCANN000001: Hibernate Commons Annotations {4.0.4.Final}
2017-09-20 19:25:31,592 [main] INFO  org.hibernate.Version - HHH000412: Hibernate Core {4.3.1.Final}
2017-09-20 19:25:31,596 [main] INFO  org.hibernate.cfg.Environment - HHH000206: hibernate.properties not found
2017-09-20 19:25:31,598 [main] INFO  org.hibernate.cfg.Environment - HHH000021: Bytecode provider name : javassist
2017-09-20 19:25:32,130 [main] INFO  org.hibernate.dialect.Dialect - HHH000400: Using dialect: org.hibernate.dialect.MySQLDialect
2017-09-20 19:25:32,296 [main] INFO  org.hibernate.engine.transaction.internal.TransactionFactoryInitiator - HHH000399: Using default transaction strategy (direct JDBC transactions)
2017-09-20 19:25:32,303 [main] INFO  org.hibernate.hql.internal.ast.ASTQueryTranslatorFactory - HHH000397: Using ASTQueryTranslatorFactory
2017-09-20 19:25:32,955 [main] INFO  org.springframework.orm.hibernate4.HibernateTransactionManager - Using DataSource [org.springframework.jdbc.datasource.DriverManagerDataSource@4d0402b] of Hibernate SessionFactory for HibernateTransactionManager
2017-09-20 19:25:33,364 [main] INFO  o.springframework.web.servlet.mvc.method.annotation.RequestMappingHandlerAdapter - Looking for @ControllerAdvice: org.springframework.boot.context.embedded.AnnotationConfigEmbeddedWebApplicationContext@1534f01b: startup date [Wed Sep 20 19:25:28 CST 2017]; root of context hierarchy
2017-09-20 19:25:33,487 [main] INFO  o.springframework.web.servlet.mvc.method.annotation.RequestMappingHandlerMapping - Mapped "{[/parties],methods=[GET]}" onto public java.util.List<com.cn.domain.PartyDomain> com.cn.controller.MainController.getFlowers()
2017-09-20 19:25:33,491 [main] INFO  o.springframework.web.servlet.mvc.method.annotation.RequestMappingHandlerMapping - Mapped "{[/parties],methods=[POST]}" onto public void com.cn.controller.MainController.addFlower(com.cn.domain.PartyDomain)
2017-09-20 19:25:33,498 [main] INFO  o.springframework.web.servlet.mvc.method.annotation.RequestMappingHandlerMapping - Mapped "{[/error]}" onto public org.springframework.http.ResponseEntity<java.util.Map<java.lang.String, java.lang.Object>> org.springframework.boot.autoconfigure.web.BasicErrorController.error(javax.servlet.http.HttpServletRequest)
2017-09-20 19:25:33,499 [main] INFO  o.springframework.web.servlet.mvc.method.annotation.RequestMappingHandlerMapping - Mapped "{[/error],produces=[text/html]}" onto public org.springframework.web.servlet.ModelAndView org.springframework.boot.autoconfigure.web.BasicErrorController.errorHtml(javax.servlet.http.HttpServletRequest,javax.servlet.http.HttpServletResponse)
2017-09-20 19:25:33,552 [main] INFO  org.springframework.web.servlet.handler.SimpleUrlHandlerMapping - Mapped URL path [/webjars/**] onto handler of type [class org.springframework.web.servlet.resource.ResourceHttpRequestHandler]
2017-09-20 19:25:33,553 [main] INFO  org.springframework.web.servlet.handler.SimpleUrlHandlerMapping - Mapped URL path [/**] onto handler of type [class org.springframework.web.servlet.resource.ResourceHttpRequestHandler]
2017-09-20 19:25:33,631 [main] INFO  org.springframework.web.servlet.handler.SimpleUrlHandlerMapping - Mapped URL path [/**/favicon.ico] onto handler of type [class org.springframework.web.servlet.resource.ResourceHttpRequestHandler]
2017-09-20 19:25:34,041 [main] INFO  org.springframework.jmx.export.annotation.AnnotationMBeanExporter - Registering beans for JMX exposure on startup
2017-09-20 19:25:34,075 [main] INFO  org.apache.coyote.http11.Http11NioProtocol - Initializing ProtocolHandler ["http-nio-8080"]
2017-09-20 19:25:34,096 [main] INFO  org.apache.coyote.http11.Http11NioProtocol - Starting ProtocolHandler ["http-nio-8080"]
2017-09-20 19:25:34,122 [main] INFO  org.apache.tomcat.util.net.NioSelectorPool - Using a shared selector for servlet write/read
2017-09-20 19:25:34,151 [main] INFO  org.springframework.boot.context.embedded.tomcat.TomcatEmbeddedServletContainer - Tomcat started on port(s): 8080 (http)
2017-09-20 19:25:34,160 [main] INFO  com.cn.core.GoPartyWebServiceApplication - Started GoPartyWebServiceApplication in 6.628 seconds (JVM running for 8.006)
2017-09-20 19:25:37,814 [http-nio-8080-exec-1] INFO  org.apache.catalina.core.ContainerBase.[Tomcat].[localhost].[/] - Initializing Spring FrameworkServlet 'dispatcherServlet'
2017-09-20 19:25:37,814 [http-nio-8080-exec-1] INFO  org.springframework.web.servlet.DispatcherServlet - FrameworkServlet 'dispatcherServlet': initialization started
2017-09-20 19:25:37,844 [http-nio-8080-exec-1] INFO  org.springframework.web.servlet.DispatcherServlet - FrameworkServlet 'dispatcherServlet': initialization completed in 30 ms
2017-09-20 19:25:37,912 [http-nio-8080-exec-1] INFO  com.cn.controller.MainController - Getting All Parties
2017-09-20 19:27:02,277 [http-nio-8080-exec-3] INFO  com.cn.controller.MainController - Getting All Parties
2017-09-20 19:28:46,722 [http-nio-8080-exec-5] INFO  com.cn.controller.MainController - Getting All Parties
2017-09-20 19:30:06,523 [http-nio-8080-exec-7] INFO  com.cn.controller.MainController - Getting All Parties
2017-09-20 19:30:08,761 [http-nio-8080-exec-8] INFO  com.cn.controller.MainController - Getting All Parties
2017-09-20 19:30:33,282 [http-nio-8080-exec-9] INFO  com.cn.controller.MainController - Getting All Parties
2017-09-20 19:32:23,878 [http-nio-8080-exec-1] INFO  com.cn.controller.MainController - Getting All Parties
2017-09-20 19:32:25,192 [http-nio-8080-exec-2] INFO  com.cn.controller.MainController - Getting All Parties
2017-09-20 19:32:26,925 [http-nio-8080-exec-3] INFO  com.cn.controller.MainController - Getting All Parties
2017-09-20 19:32:29,121 [http-nio-8080-exec-4] INFO  com.cn.controller.MainController - Getting All Parties
2017-09-20 19:32:31,430 [http-nio-8080-exec-5] INFO  com.cn.controller.MainController - Getting All Parties
2017-09-20 19:33:00,735 [http-nio-8080-exec-6] INFO  com.cn.controller.MainController - Getting All Parties
2017-09-20 19:33:02,618 [http-nio-8080-exec-7] INFO  com.cn.controller.MainController - Getting All Parties
2017-09-20 19:33:38,363 [http-nio-8080-exec-8] INFO  com.cn.controller.MainController - Getting All Parties
2017-09-20 19:33:57,393 [http-nio-8080-exec-9] INFO  com.cn.controller.MainController - Getting All Parties
2017-09-20 19:33:59,304 [http-nio-8080-exec-1] INFO  com.cn.controller.MainController - Getting All Parties
2017-09-20 19:34:39,905 [http-nio-8080-exec-5] INFO  com.cn.controller.MainController - Getting All Parties
2017-09-20 19:36:26,070 [http-nio-8080-exec-8] INFO  com.cn.controller.MainController - Getting All Parties
2017-09-20 19:36:56,137 [http-nio-8080-exec-9] INFO  com.cn.controller.MainController - Getting All Parties
2017-09-20 19:36:57,418 [http-nio-8080-exec-10] INFO  com.cn.controller.MainController - Getting All Parties
2017-09-20 19:36:59,379 [http-nio-8080-exec-1] INFO  com.cn.controller.MainController - Getting All Parties
2017-09-20 19:37:49,429 [http-nio-8080-exec-2] INFO  com.cn.controller.MainController - Getting All Parties
2017-09-20 19:44:01,300 [http-nio-8080-exec-4] INFO  com.cn.controller.MainController - Getting All Parties
2017-09-20 19:44:39,381 [http-nio-8080-exec-5] INFO  com.cn.controller.MainController - Getting All Parties
2017-09-20 19:44:41,840 [http-nio-8080-exec-6] INFO  com.cn.controller.MainController - Getting All Parties
2017-09-20 19:45:30,470 [http-nio-8080-exec-7] INFO  com.cn.controller.MainController - Getting All Parties
2017-09-20 19:45:33,887 [http-nio-8080-exec-8] INFO  com.cn.controller.MainController - Getting All Parties
2017-09-20 19:50:46,796 [http-nio-8080-exec-10] INFO  com.cn.controller.MainController - Getting All Parties
2017-09-20 19:55:20,264 [http-nio-8080-exec-2] INFO  com.cn.controller.MainController - Getting All Parties
2017-09-20 19:55:22,069 [http-nio-8080-exec-3] INFO  com.cn.controller.MainController - Getting All Parties
2017-09-20 19:55:23,593 [http-nio-8080-exec-4] INFO  com.cn.controller.MainController - Getting All Parties
2017-09-20 19:55:44,754 [http-nio-8080-exec-5] INFO  com.cn.controller.MainController - Getting All Parties
2017-09-20 19:55:59,557 [http-nio-8080-exec-6] INFO  com.cn.controller.MainController - Getting All Parties
2017-09-20 19:56:00,712 [http-nio-8080-exec-7] INFO  com.cn.controller.MainController - Getting All Parties
2017-09-20 19:57:09,074 [http-nio-8080-exec-9] INFO  com.cn.controller.MainController - Getting All Parties
2017-09-20 19:57:10,659 [http-nio-8080-exec-10] INFO  com.cn.controller.MainController - Getting All Parties
2017-09-20 20:01:21,542 [http-nio-8080-exec-2] INFO  com.cn.controller.MainController - Getting All Parties
2017-09-20 20:01:29,607 [http-nio-8080-exec-3] INFO  com.cn.controller.MainController - Getting All Parties
2017-09-20 20:01:59,357 [http-nio-8080-exec-4] INFO  com.cn.controller.MainController - Getting All Parties
2017-09-20 20:02:47,617 [http-nio-8080-exec-5] INFO  com.cn.controller.MainController - Getting All Parties
2017-09-20 20:02:48,949 [http-nio-8080-exec-6] INFO  com.cn.controller.MainController - Getting All Parties
2017-09-20 20:02:50,353 [http-nio-8080-exec-7] INFO  com.cn.controller.MainController - Getting All Parties
2017-09-20 20:02:51,775 [http-nio-8080-exec-8] INFO  com.cn.controller.MainController - Getting All Parties
2017-09-20 20:03:10,176 [http-nio-8080-exec-9] INFO  com.cn.controller.MainController - Getting All Parties
2017-09-20 20:03:11,658 [http-nio-8080-exec-10] INFO  com.cn.controller.MainController - Getting All Parties
2017-09-20 20:04:44,113 [http-nio-8080-exec-2] INFO  com.cn.controller.MainController - Getting All Parties
2017-09-20 20:06:08,816 [http-nio-8080-exec-4] INFO  com.cn.controller.MainController - Getting All Parties
2017-09-20 20:06:12,901 [http-nio-8080-exec-5] INFO  com.cn.controller.MainController - Getting All Parties
2017-09-20 20:06:37,180 [http-nio-8080-exec-6] INFO  com.cn.controller.MainController - Getting All Parties
2017-09-20 20:06:39,754 [http-nio-8080-exec-7] INFO  com.cn.controller.MainController - Getting All Parties
2017-09-20 20:07:30,555 [Thread-3] INFO  o.s.boot.context.embedded.AnnotationConfigEmbeddedWebApplicationContext - Closing org.springframework.boot.context.embedded.AnnotationConfigEmbeddedWebApplicationContext@1534f01b: startup date [Wed Sep 20 19:25:28 CST 2017]; root of context hierarchy
2017-09-20 20:07:30,558 [Thread-3] INFO  org.springframework.jmx.export.annotation.AnnotationMBeanExporter - Unregistering JMX-exposed beans on shutdown
