2017-09-21 20:33:40,317 [main] INFO  com.cn.core.GoPartyWebServiceApplication - Starting GoPartyWebServiceApplication on hes-MacBook-Air.local with PID 23364 (/Users/hexinlai/Documents/GoParty/GoPartyWebService/target/classes started by hexinlai in /Users/hexinlai/Documents/GoParty/GoPartyWebService)
2017-09-21 20:33:40,324 [main] INFO  com.cn.core.GoPartyWebServiceApplication - No active profile set, falling back to default profiles: default
2017-09-21 20:33:40,481 [main] INFO  o.s.boot.context.embedded.AnnotationConfigEmbeddedWebApplicationContext - Refreshing org.springframework.boot.context.embedded.AnnotationConfigEmbeddedWebApplicationContext@1534f01b: startup date [Thu Sep 21 20:33:40 CST 2017]; root of context hierarchy
2017-09-21 20:33:41,033 [background-preinit] INFO  org.hibernate.validator.internal.util.Version - HV000001: Hibernate Validator 5.3.5.Final
2017-09-21 20:33:43,592 [main] INFO  org.springframework.boot.context.embedded.tomcat.TomcatEmbeddedServletContainer - Tomcat initialized with port(s): 8080 (http)
2017-09-21 20:33:43,632 [main] INFO  org.apache.catalina.core.StandardService - Starting service [Tomcat]
2017-09-21 20:33:43,636 [main] INFO  org.apache.catalina.core.StandardEngine - Starting Servlet Engine: Apache Tomcat/8.5.16
2017-09-21 20:33:43,881 [localhost-startStop-1] INFO  org.apache.catalina.core.ContainerBase.[Tomcat].[localhost].[/] - Initializing Spring embedded WebApplicationContext
2017-09-21 20:33:43,881 [localhost-startStop-1] INFO  org.springframework.web.context.ContextLoader - Root WebApplicationContext: initialization completed in 3404 ms
2017-09-21 20:33:44,152 [localhost-startStop-1] INFO  org.springframework.boot.web.servlet.ServletRegistrationBean - Mapping servlet: 'dispatcherServlet' to [/]
2017-09-21 20:33:44,158 [localhost-startStop-1] INFO  org.springframework.boot.web.servlet.FilterRegistrationBean - Mapping filter: 'characterEncodingFilter' to: [/*]
2017-09-21 20:33:44,159 [localhost-startStop-1] INFO  org.springframework.boot.web.servlet.FilterRegistrationBean - Mapping filter: 'hiddenHttpMethodFilter' to: [/*]
2017-09-21 20:33:44,160 [localhost-startStop-1] INFO  org.springframework.boot.web.servlet.FilterRegistrationBean - Mapping filter: 'httpPutFormContentFilter' to: [/*]
2017-09-21 20:33:44,160 [localhost-startStop-1] INFO  org.springframework.boot.web.servlet.FilterRegistrationBean - Mapping filter: 'requestContextFilter' to: [/*]
2017-09-21 20:33:44,254 [main] INFO  com.cn.config.DataSourceConfiguration - Start To Set Datasource
2017-09-21 20:33:44,275 [main] INFO  org.springframework.jdbc.datasource.DriverManagerDataSource - Loaded JDBC driver: com.mysql.jdbc.Driver
2017-09-21 20:33:44,275 [main] INFO  com.cn.config.DataSourceConfiguration - Set Datasource Successfully
2017-09-21 20:33:44,586 [main] INFO  org.hibernate.annotations.common.Version - HCANN000001: Hibernate Commons Annotations {4.0.4.Final}
2017-09-21 20:33:44,596 [main] INFO  org.hibernate.Version - HHH000412: Hibernate Core {4.3.1.Final}
2017-09-21 20:33:44,599 [main] INFO  org.hibernate.cfg.Environment - HHH000206: hibernate.properties not found
2017-09-21 20:33:44,601 [main] INFO  org.hibernate.cfg.Environment - HHH000021: Bytecode provider name : javassist
2017-09-21 20:33:45,130 [main] INFO  org.hibernate.dialect.Dialect - HHH000400: Using dialect: org.hibernate.dialect.MySQLDialect
2017-09-21 20:33:45,302 [main] INFO  org.hibernate.engine.transaction.internal.TransactionFactoryInitiator - HHH000399: Using default transaction strategy (direct JDBC transactions)
2017-09-21 20:33:45,309 [main] INFO  org.hibernate.hql.internal.ast.ASTQueryTranslatorFactory - HHH000397: Using ASTQueryTranslatorFactory
2017-09-21 20:33:45,927 [main] INFO  org.springframework.orm.hibernate4.HibernateTransactionManager - Using DataSource [org.springframework.jdbc.datasource.DriverManagerDataSource@50b8ae8d] of Hibernate SessionFactory for HibernateTransactionManager
2017-09-21 20:33:46,362 [main] INFO  o.springframework.web.servlet.mvc.method.annotation.RequestMappingHandlerAdapter - Looking for @ControllerAdvice: org.springframework.boot.context.embedded.AnnotationConfigEmbeddedWebApplicationContext@1534f01b: startup date [Thu Sep 21 20:33:40 CST 2017]; root of context hierarchy
2017-09-21 20:33:46,506 [main] INFO  o.springframework.web.servlet.mvc.method.annotation.RequestMappingHandlerMapping - Mapped "{[/parties],methods=[GET]}" onto public java.util.List<com.cn.domain.PartyDomain> com.cn.controller.MainController.getFlowers()
2017-09-21 20:33:46,510 [main] INFO  o.springframework.web.servlet.mvc.method.annotation.RequestMappingHandlerMapping - Mapped "{[/parties],methods=[POST]}" onto public void com.cn.controller.MainController.addFlower(com.cn.domain.PartyDomain)
2017-09-21 20:33:46,523 [main] INFO  o.springframework.web.servlet.mvc.method.annotation.RequestMappingHandlerMapping - Mapped "{[/error]}" onto public org.springframework.http.ResponseEntity<java.util.Map<java.lang.String, java.lang.Object>> org.springframework.boot.autoconfigure.web.BasicErrorController.error(javax.servlet.http.HttpServletRequest)
2017-09-21 20:33:46,524 [main] INFO  o.springframework.web.servlet.mvc.method.annotation.RequestMappingHandlerMapping - Mapped "{[/error],produces=[text/html]}" onto public org.springframework.web.servlet.ModelAndView org.springframework.boot.autoconfigure.web.BasicErrorController.errorHtml(javax.servlet.http.HttpServletRequest,javax.servlet.http.HttpServletResponse)
2017-09-21 20:33:46,590 [main] INFO  org.springframework.web.servlet.handler.SimpleUrlHandlerMapping - Mapped URL path [/webjars/**] onto handler of type [class org.springframework.web.servlet.resource.ResourceHttpRequestHandler]
2017-09-21 20:33:46,591 [main] INFO  org.springframework.web.servlet.handler.SimpleUrlHandlerMapping - Mapped URL path [/**] onto handler of type [class org.springframework.web.servlet.resource.ResourceHttpRequestHandler]
2017-09-21 20:33:46,660 [main] INFO  org.springframework.web.servlet.handler.SimpleUrlHandlerMapping - Mapped URL path [/**/favicon.ico] onto handler of type [class org.springframework.web.servlet.resource.ResourceHttpRequestHandler]
2017-09-21 20:33:47,148 [main] INFO  org.springframework.jmx.export.annotation.AnnotationMBeanExporter - Registering beans for JMX exposure on startup
2017-09-21 20:33:47,184 [main] INFO  org.apache.coyote.http11.Http11NioProtocol - Initializing ProtocolHandler ["http-nio-8080"]
2017-09-21 20:33:47,211 [main] INFO  org.apache.coyote.http11.Http11NioProtocol - Starting ProtocolHandler ["http-nio-8080"]
2017-09-21 20:33:47,237 [main] INFO  org.apache.tomcat.util.net.NioSelectorPool - Using a shared selector for servlet write/read
2017-09-21 20:33:47,266 [main] INFO  org.springframework.boot.context.embedded.tomcat.TomcatEmbeddedServletContainer - Tomcat started on port(s): 8080 (http)
2017-09-21 20:33:47,274 [main] INFO  com.cn.core.GoPartyWebServiceApplication - Started GoPartyWebServiceApplication in 7.447 seconds (JVM running for 8.929)
2017-09-21 20:33:58,609 [http-nio-8080-exec-1] INFO  org.apache.catalina.core.ContainerBase.[Tomcat].[localhost].[/] - Initializing Spring FrameworkServlet 'dispatcherServlet'
2017-09-21 20:33:58,610 [http-nio-8080-exec-1] INFO  org.springframework.web.servlet.DispatcherServlet - FrameworkServlet 'dispatcherServlet': initialization started
2017-09-21 20:33:58,653 [http-nio-8080-exec-1] INFO  org.springframework.web.servlet.DispatcherServlet - FrameworkServlet 'dispatcherServlet': initialization completed in 43 ms
2017-09-21 20:33:58,718 [http-nio-8080-exec-1] INFO  com.cn.controller.MainController - Getting All Parties
2017-09-21 20:34:48,154 [Thread-3] INFO  o.s.boot.context.embedded.AnnotationConfigEmbeddedWebApplicationContext - Closing org.springframework.boot.context.embedded.AnnotationConfigEmbeddedWebApplicationContext@1534f01b: startup date [Thu Sep 21 20:33:40 CST 2017]; root of context hierarchy
2017-09-21 20:34:48,156 [Thread-3] INFO  org.springframework.jmx.export.annotation.AnnotationMBeanExporter - Unregistering JMX-exposed beans on shutdown
2017-09-21 20:44:52,192 [main] INFO  com.cn.core.TraShaWebServiceApplication - Starting TraShaWebServiceApplication on hes-MacBook-Air.local with PID 23391 (/Users/hexinlai/Documents/TraSha/TraShaWebService/target/classes started by hexinlai in /Users/hexinlai/Documents/TraSha/TraShaWebService)
2017-09-21 20:44:52,201 [main] INFO  com.cn.core.TraShaWebServiceApplication - No active profile set, falling back to default profiles: default
2017-09-21 20:44:52,324 [main] INFO  o.s.boot.context.embedded.AnnotationConfigEmbeddedWebApplicationContext - Refreshing org.springframework.boot.context.embedded.AnnotationConfigEmbeddedWebApplicationContext@1534f01b: startup date [Thu Sep 21 20:44:52 CST 2017]; root of context hierarchy
2017-09-21 20:44:52,813 [background-preinit] INFO  org.hibernate.validator.internal.util.Version - HV000001: Hibernate Validator 5.3.5.Final
2017-09-21 20:44:55,394 [main] INFO  org.springframework.boot.context.embedded.tomcat.TomcatEmbeddedServletContainer - Tomcat initialized with port(s): 8080 (http)
2017-09-21 20:44:55,425 [main] INFO  org.apache.catalina.core.StandardService - Starting service [Tomcat]
2017-09-21 20:44:55,427 [main] INFO  org.apache.catalina.core.StandardEngine - Starting Servlet Engine: Apache Tomcat/8.5.16
2017-09-21 20:44:55,633 [localhost-startStop-1] INFO  org.apache.catalina.core.ContainerBase.[Tomcat].[localhost].[/] - Initializing Spring embedded WebApplicationContext
2017-09-21 20:44:55,634 [localhost-startStop-1] INFO  org.springframework.web.context.ContextLoader - Root WebApplicationContext: initialization completed in 3310 ms
2017-09-21 20:44:55,894 [localhost-startStop-1] INFO  org.springframework.boot.web.servlet.ServletRegistrationBean - Mapping servlet: 'dispatcherServlet' to [/]
2017-09-21 20:44:55,903 [localhost-startStop-1] INFO  org.springframework.boot.web.servlet.FilterRegistrationBean - Mapping filter: 'characterEncodingFilter' to: [/*]
2017-09-21 20:44:55,904 [localhost-startStop-1] INFO  org.springframework.boot.web.servlet.FilterRegistrationBean - Mapping filter: 'hiddenHttpMethodFilter' to: [/*]
2017-09-21 20:44:55,904 [localhost-startStop-1] INFO  org.springframework.boot.web.servlet.FilterRegistrationBean - Mapping filter: 'httpPutFormContentFilter' to: [/*]
2017-09-21 20:44:55,904 [localhost-startStop-1] INFO  org.springframework.boot.web.servlet.FilterRegistrationBean - Mapping filter: 'requestContextFilter' to: [/*]
2017-09-21 20:44:56,011 [main] INFO  com.cn.config.DataSourceConfiguration - Start To Set Datasource
2017-09-21 20:44:56,029 [main] INFO  org.springframework.jdbc.datasource.DriverManagerDataSource - Loaded JDBC driver: com.mysql.jdbc.Driver
2017-09-21 20:44:56,030 [main] INFO  com.cn.config.DataSourceConfiguration - Set Datasource Successfully
2017-09-21 20:44:56,381 [main] INFO  org.hibernate.annotations.common.Version - HCANN000001: Hibernate Commons Annotations {4.0.4.Final}
2017-09-21 20:44:56,392 [main] INFO  org.hibernate.Version - HHH000412: Hibernate Core {4.3.1.Final}
2017-09-21 20:44:56,396 [main] INFO  org.hibernate.cfg.Environment - HHH000206: hibernate.properties not found
2017-09-21 20:44:56,399 [main] INFO  org.hibernate.cfg.Environment - HHH000021: Bytecode provider name : javassist
2017-09-21 20:44:57,043 [main] INFO  org.hibernate.dialect.Dialect - HHH000400: Using dialect: org.hibernate.dialect.MySQLDialect
2017-09-21 20:44:57,245 [main] INFO  org.hibernate.engine.transaction.internal.TransactionFactoryInitiator - HHH000399: Using default transaction strategy (direct JDBC transactions)
2017-09-21 20:44:57,252 [main] INFO  org.hibernate.hql.internal.ast.ASTQueryTranslatorFactory - HHH000397: Using ASTQueryTranslatorFactory
2017-09-21 20:44:58,022 [main] INFO  org.springframework.orm.hibernate4.HibernateTransactionManager - Using DataSource [org.springframework.jdbc.datasource.DriverManagerDataSource@3153ddfc] of Hibernate SessionFactory for HibernateTransactionManager
2017-09-21 20:44:58,556 [main] INFO  o.springframework.web.servlet.mvc.method.annotation.RequestMappingHandlerAdapter - Looking for @ControllerAdvice: org.springframework.boot.context.embedded.AnnotationConfigEmbeddedWebApplicationContext@1534f01b: startup date [Thu Sep 21 20:44:52 CST 2017]; root of context hierarchy
2017-09-21 20:44:58,722 [main] INFO  o.springframework.web.servlet.mvc.method.annotation.RequestMappingHandlerMapping - Mapped "{[/parties],methods=[GET]}" onto public java.util.List<com.cn.domain.SharingDomain> com.cn.controller.MainController.getFlowers()
2017-09-21 20:44:58,728 [main] INFO  o.springframework.web.servlet.mvc.method.annotation.RequestMappingHandlerMapping - Mapped "{[/parties],methods=[POST]}" onto public void com.cn.controller.MainController.addFlower(com.cn.domain.SharingDomain)
2017-09-21 20:44:58,734 [main] INFO  o.springframework.web.servlet.mvc.method.annotation.RequestMappingHandlerMapping - Mapped "{[/error]}" onto public org.springframework.http.ResponseEntity<java.util.Map<java.lang.String, java.lang.Object>> org.springframework.boot.autoconfigure.web.BasicErrorController.error(javax.servlet.http.HttpServletRequest)
2017-09-21 20:44:58,735 [main] INFO  o.springframework.web.servlet.mvc.method.annotation.RequestMappingHandlerMapping - Mapped "{[/error],produces=[text/html]}" onto public org.springframework.web.servlet.ModelAndView org.springframework.boot.autoconfigure.web.BasicErrorController.errorHtml(javax.servlet.http.HttpServletRequest,javax.servlet.http.HttpServletResponse)
2017-09-21 20:44:58,805 [main] INFO  org.springframework.web.servlet.handler.SimpleUrlHandlerMapping - Mapped URL path [/webjars/**] onto handler of type [class org.springframework.web.servlet.resource.ResourceHttpRequestHandler]
2017-09-21 20:44:58,806 [main] INFO  org.springframework.web.servlet.handler.SimpleUrlHandlerMapping - Mapped URL path [/**] onto handler of type [class org.springframework.web.servlet.resource.ResourceHttpRequestHandler]
2017-09-21 20:44:58,900 [main] INFO  org.springframework.web.servlet.handler.SimpleUrlHandlerMapping - Mapped URL path [/**/favicon.ico] onto handler of type [class org.springframework.web.servlet.resource.ResourceHttpRequestHandler]
2017-09-21 20:44:59,417 [main] INFO  org.springframework.jmx.export.annotation.AnnotationMBeanExporter - Registering beans for JMX exposure on startup
2017-09-21 20:44:59,492 [main] INFO  org.apache.coyote.http11.Http11NioProtocol - Initializing ProtocolHandler ["http-nio-8080"]
2017-09-21 20:44:59,523 [main] INFO  org.apache.coyote.http11.Http11NioProtocol - Starting ProtocolHandler ["http-nio-8080"]
2017-09-21 20:44:59,564 [main] INFO  org.apache.tomcat.util.net.NioSelectorPool - Using a shared selector for servlet write/read
2017-09-21 20:44:59,611 [main] INFO  org.springframework.boot.context.embedded.tomcat.TomcatEmbeddedServletContainer - Tomcat started on port(s): 8080 (http)
2017-09-21 20:44:59,623 [main] INFO  com.cn.core.TraShaWebServiceApplication - Started TraShaWebServiceApplication in 7.951 seconds (JVM running for 9.239)
2017-09-21 20:45:01,858 [Thread-3] INFO  o.s.boot.context.embedded.AnnotationConfigEmbeddedWebApplicationContext - Closing org.springframework.boot.context.embedded.AnnotationConfigEmbeddedWebApplicationContext@1534f01b: startup date [Thu Sep 21 20:44:52 CST 2017]; root of context hierarchy
2017-09-21 20:45:01,862 [Thread-3] INFO  org.springframework.jmx.export.annotation.AnnotationMBeanExporter - Unregistering JMX-exposed beans on shutdown
2017-09-21 20:46:38,093 [main] INFO  com.cn.core.TraShaWebServiceApplication - Starting TraShaWebServiceApplication on hes-MacBook-Air.local with PID 23395 (/Users/hexinlai/Documents/TraSha/TraShaWebService/target/classes started by hexinlai in /Users/hexinlai/Documents/TraSha/TraShaWebService)
2017-09-21 20:46:38,098 [main] INFO  com.cn.core.TraShaWebServiceApplication - No active profile set, falling back to default profiles: default
2017-09-21 20:46:38,197 [main] INFO  o.s.boot.context.embedded.AnnotationConfigEmbeddedWebApplicationContext - Refreshing org.springframework.boot.context.embedded.AnnotationConfigEmbeddedWebApplicationContext@1534f01b: startup date [Thu Sep 21 20:46:38 CST 2017]; root of context hierarchy
2017-09-21 20:46:38,704 [background-preinit] INFO  org.hibernate.validator.internal.util.Version - HV000001: Hibernate Validator 5.3.5.Final
2017-09-21 20:46:40,721 [main] INFO  org.springframework.boot.context.embedded.tomcat.TomcatEmbeddedServletContainer - Tomcat initialized with port(s): 8080 (http)
2017-09-21 20:46:40,747 [main] INFO  org.apache.catalina.core.StandardService - Starting service [Tomcat]
2017-09-21 20:46:40,749 [main] INFO  org.apache.catalina.core.StandardEngine - Starting Servlet Engine: Apache Tomcat/8.5.16
2017-09-21 20:46:40,941 [localhost-startStop-1] INFO  org.apache.catalina.core.ContainerBase.[Tomcat].[localhost].[/] - Initializing Spring embedded WebApplicationContext
2017-09-21 20:46:40,942 [localhost-startStop-1] INFO  org.springframework.web.context.ContextLoader - Root WebApplicationContext: initialization completed in 2745 ms
2017-09-21 20:46:41,187 [localhost-startStop-1] INFO  org.springframework.boot.web.servlet.ServletRegistrationBean - Mapping servlet: 'dispatcherServlet' to [/]
2017-09-21 20:46:41,194 [localhost-startStop-1] INFO  org.springframework.boot.web.servlet.FilterRegistrationBean - Mapping filter: 'characterEncodingFilter' to: [/*]
2017-09-21 20:46:41,195 [localhost-startStop-1] INFO  org.springframework.boot.web.servlet.FilterRegistrationBean - Mapping filter: 'hiddenHttpMethodFilter' to: [/*]
2017-09-21 20:46:41,195 [localhost-startStop-1] INFO  org.springframework.boot.web.servlet.FilterRegistrationBean - Mapping filter: 'httpPutFormContentFilter' to: [/*]
2017-09-21 20:46:41,195 [localhost-startStop-1] INFO  org.springframework.boot.web.servlet.FilterRegistrationBean - Mapping filter: 'requestContextFilter' to: [/*]
2017-09-21 20:46:41,276 [main] INFO  com.cn.config.DataSourceConfiguration - Start To Set Datasource
2017-09-21 20:46:41,292 [main] INFO  org.springframework.jdbc.datasource.DriverManagerDataSource - Loaded JDBC driver: com.mysql.jdbc.Driver
2017-09-21 20:46:41,292 [main] INFO  com.cn.config.DataSourceConfiguration - Set Datasource Successfully
2017-09-21 20:46:41,598 [main] INFO  org.hibernate.annotations.common.Version - HCANN000001: Hibernate Commons Annotations {4.0.4.Final}
2017-09-21 20:46:41,608 [main] INFO  org.hibernate.Version - HHH000412: Hibernate Core {4.3.1.Final}
2017-09-21 20:46:41,611 [main] INFO  org.hibernate.cfg.Environment - HHH000206: hibernate.properties not found
2017-09-21 20:46:41,614 [main] INFO  org.hibernate.cfg.Environment - HHH000021: Bytecode provider name : javassist
2017-09-21 20:46:42,162 [main] INFO  org.hibernate.dialect.Dialect - HHH000400: Using dialect: org.hibernate.dialect.MySQLDialect
2017-09-21 20:46:42,334 [main] INFO  org.hibernate.engine.transaction.internal.TransactionFactoryInitiator - HHH000399: Using default transaction strategy (direct JDBC transactions)
2017-09-21 20:46:42,341 [main] INFO  org.hibernate.hql.internal.ast.ASTQueryTranslatorFactory - HHH000397: Using ASTQueryTranslatorFactory
2017-09-21 20:46:42,980 [main] INFO  org.springframework.orm.hibernate4.HibernateTransactionManager - Using DataSource [org.springframework.jdbc.datasource.DriverManagerDataSource@47d93e0d] of Hibernate SessionFactory for HibernateTransactionManager
2017-09-21 20:46:43,375 [main] INFO  o.springframework.web.servlet.mvc.method.annotation.RequestMappingHandlerAdapter - Looking for @ControllerAdvice: org.springframework.boot.context.embedded.AnnotationConfigEmbeddedWebApplicationContext@1534f01b: startup date [Thu Sep 21 20:46:38 CST 2017]; root of context hierarchy
2017-09-21 20:46:43,486 [main] INFO  o.springframework.web.servlet.mvc.method.annotation.RequestMappingHandlerMapping - Mapped "{[/parties],methods=[GET]}" onto public java.util.List<com.cn.domain.SharingDomain> com.cn.controller.MainController.getFlowers()
2017-09-21 20:46:43,491 [main] INFO  o.springframework.web.servlet.mvc.method.annotation.RequestMappingHandlerMapping - Mapped "{[/parties],methods=[POST]}" onto public void com.cn.controller.MainController.addFlower(com.cn.domain.SharingDomain)
2017-09-21 20:46:43,498 [main] INFO  o.springframework.web.servlet.mvc.method.annotation.RequestMappingHandlerMapping - Mapped "{[/error]}" onto public org.springframework.http.ResponseEntity<java.util.Map<java.lang.String, java.lang.Object>> org.springframework.boot.autoconfigure.web.BasicErrorController.error(javax.servlet.http.HttpServletRequest)
2017-09-21 20:46:43,499 [main] INFO  o.springframework.web.servlet.mvc.method.annotation.RequestMappingHandlerMapping - Mapped "{[/error],produces=[text/html]}" onto public org.springframework.web.servlet.ModelAndView org.springframework.boot.autoconfigure.web.BasicErrorController.errorHtml(javax.servlet.http.HttpServletRequest,javax.servlet.http.HttpServletResponse)
2017-09-21 20:46:43,551 [main] INFO  org.springframework.web.servlet.handler.SimpleUrlHandlerMapping - Mapped URL path [/webjars/**] onto handler of type [class org.springframework.web.servlet.resource.ResourceHttpRequestHandler]
2017-09-21 20:46:43,551 [main] INFO  org.springframework.web.servlet.handler.SimpleUrlHandlerMapping - Mapped URL path [/**] onto handler of type [class org.springframework.web.servlet.resource.ResourceHttpRequestHandler]
2017-09-21 20:46:43,625 [main] INFO  org.springframework.web.servlet.handler.SimpleUrlHandlerMapping - Mapped URL path [/**/favicon.ico] onto handler of type [class org.springframework.web.servlet.resource.ResourceHttpRequestHandler]
2017-09-21 20:46:44,036 [main] INFO  org.springframework.jmx.export.annotation.AnnotationMBeanExporter - Registering beans for JMX exposure on startup
2017-09-21 20:46:44,068 [main] INFO  org.apache.coyote.http11.Http11NioProtocol - Initializing ProtocolHandler ["http-nio-8080"]
2017-09-21 20:46:44,087 [main] INFO  org.apache.coyote.http11.Http11NioProtocol - Starting ProtocolHandler ["http-nio-8080"]
2017-09-21 20:46:44,104 [main] INFO  org.apache.tomcat.util.net.NioSelectorPool - Using a shared selector for servlet write/read
2017-09-21 20:46:44,127 [main] INFO  org.springframework.boot.context.embedded.tomcat.TomcatEmbeddedServletContainer - Tomcat started on port(s): 8080 (http)
2017-09-21 20:46:44,134 [main] INFO  com.cn.core.TraShaWebServiceApplication - Started TraShaWebServiceApplication in 6.497 seconds (JVM running for 7.712)
2017-09-21 20:46:47,518 [Thread-3] INFO  o.s.boot.context.embedded.AnnotationConfigEmbeddedWebApplicationContext - Closing org.springframework.boot.context.embedded.AnnotationConfigEmbeddedWebApplicationContext@1534f01b: startup date [Thu Sep 21 20:46:38 CST 2017]; root of context hierarchy
2017-09-21 20:46:47,520 [Thread-3] INFO  org.springframework.jmx.export.annotation.AnnotationMBeanExporter - Unregistering JMX-exposed beans on shutdown
2017-09-21 21:01:22,600 [main] INFO  com.cn.core.TraShaWebServiceApplication - Starting TraShaWebServiceApplication on hes-MacBook-Air.local with PID 23427 (/Users/hexinlai/Documents/TraSha/TraShaWebService/target/classes started by hexinlai in /Users/hexinlai/Documents/TraSha/TraShaWebService)
2017-09-21 21:01:22,610 [main] INFO  com.cn.core.TraShaWebServiceApplication - No active profile set, falling back to default profiles: default
2017-09-21 21:01:22,938 [main] INFO  o.s.boot.context.embedded.AnnotationConfigEmbeddedWebApplicationContext - Refreshing org.springframework.boot.context.embedded.AnnotationConfigEmbeddedWebApplicationContext@1534f01b: startup date [Thu Sep 21 21:01:22 CST 2017]; root of context hierarchy
2017-09-21 21:01:24,167 [background-preinit] INFO  org.hibernate.validator.internal.util.Version - HV000001: Hibernate Validator 5.3.5.Final
2017-09-21 21:01:30,304 [main] INFO  org.springframework.boot.context.embedded.tomcat.TomcatEmbeddedServletContainer - Tomcat initialized with port(s): 8080 (http)
2017-09-21 21:01:30,381 [main] INFO  org.apache.catalina.core.StandardService - Starting service [Tomcat]
2017-09-21 21:01:30,386 [main] INFO  org.apache.catalina.core.StandardEngine - Starting Servlet Engine: Apache Tomcat/8.5.16
2017-09-21 21:01:30,948 [localhost-startStop-1] INFO  org.apache.catalina.core.ContainerBase.[Tomcat].[localhost].[/] - Initializing Spring embedded WebApplicationContext
2017-09-21 21:01:30,949 [localhost-startStop-1] INFO  org.springframework.web.context.ContextLoader - Root WebApplicationContext: initialization completed in 8011 ms
2017-09-21 21:01:31,707 [localhost-startStop-1] INFO  org.springframework.boot.web.servlet.ServletRegistrationBean - Mapping servlet: 'dispatcherServlet' to [/]
2017-09-21 21:01:31,727 [localhost-startStop-1] INFO  org.springframework.boot.web.servlet.FilterRegistrationBean - Mapping filter: 'characterEncodingFilter' to: [/*]
2017-09-21 21:01:31,730 [localhost-startStop-1] INFO  org.springframework.boot.web.servlet.FilterRegistrationBean - Mapping filter: 'hiddenHttpMethodFilter' to: [/*]
2017-09-21 21:01:31,731 [localhost-startStop-1] INFO  org.springframework.boot.web.servlet.FilterRegistrationBean - Mapping filter: 'httpPutFormContentFilter' to: [/*]
2017-09-21 21:01:31,732 [localhost-startStop-1] INFO  org.springframework.boot.web.servlet.FilterRegistrationBean - Mapping filter: 'requestContextFilter' to: [/*]
2017-09-21 21:01:31,987 [main] INFO  com.cn.config.DataSourceConfiguration - Start To Set Datasource
2017-09-21 21:01:32,034 [main] INFO  org.springframework.jdbc.datasource.DriverManagerDataSource - Loaded JDBC driver: com.mysql.jdbc.Driver
2017-09-21 21:01:32,035 [main] INFO  com.cn.config.DataSourceConfiguration - Set Datasource Successfully
2017-09-21 21:01:32,848 [main] INFO  org.hibernate.annotations.common.Version - HCANN000001: Hibernate Commons Annotations {4.0.4.Final}
2017-09-21 21:01:32,874 [main] INFO  org.hibernate.Version - HHH000412: Hibernate Core {4.3.1.Final}
2017-09-21 21:01:32,882 [main] INFO  org.hibernate.cfg.Environment - HHH000206: hibernate.properties not found
2017-09-21 21:01:32,890 [main] INFO  org.hibernate.cfg.Environment - HHH000021: Bytecode provider name : javassist
2017-09-21 21:01:34,470 [main] INFO  org.hibernate.dialect.Dialect - HHH000400: Using dialect: org.hibernate.dialect.MySQLDialect
2017-09-21 21:01:34,916 [main] INFO  org.hibernate.engine.transaction.internal.TransactionFactoryInitiator - HHH000399: Using default transaction strategy (direct JDBC transactions)
2017-09-21 21:01:34,934 [main] INFO  org.hibernate.hql.internal.ast.ASTQueryTranslatorFactory - HHH000397: Using ASTQueryTranslatorFactory
2017-09-21 21:01:36,559 [main] INFO  org.springframework.orm.hibernate4.HibernateTransactionManager - Using DataSource [org.springframework.jdbc.datasource.DriverManagerDataSource@1bc53649] of Hibernate SessionFactory for HibernateTransactionManager
2017-09-21 21:01:37,833 [main] INFO  o.springframework.web.servlet.mvc.method.annotation.RequestMappingHandlerAdapter - Looking for @ControllerAdvice: org.springframework.boot.context.embedded.AnnotationConfigEmbeddedWebApplicationContext@1534f01b: startup date [Thu Sep 21 21:01:22 CST 2017]; root of context hierarchy
2017-09-21 21:01:38,239 [main] INFO  o.springframework.web.servlet.mvc.method.annotation.RequestMappingHandlerMapping - Mapped "{[/parties],methods=[GET]}" onto public java.util.List<com.cn.domain.SharingDomain> com.cn.controller.MainController.getFlowers()
2017-09-21 21:01:38,251 [main] INFO  o.springframework.web.servlet.mvc.method.annotation.RequestMappingHandlerMapping - Mapped "{[/parties],methods=[POST]}" onto public void com.cn.controller.MainController.addFlower(com.cn.domain.SharingDomain)
2017-09-21 21:01:38,267 [main] INFO  o.springframework.web.servlet.mvc.method.annotation.RequestMappingHandlerMapping - Mapped "{[/error]}" onto public org.springframework.http.ResponseEntity<java.util.Map<java.lang.String, java.lang.Object>> org.springframework.boot.autoconfigure.web.BasicErrorController.error(javax.servlet.http.HttpServletRequest)
2017-09-21 21:01:38,271 [main] INFO  o.springframework.web.servlet.mvc.method.annotation.RequestMappingHandlerMapping - Mapped "{[/error],produces=[text/html]}" onto public org.springframework.web.servlet.ModelAndView org.springframework.boot.autoconfigure.web.BasicErrorController.errorHtml(javax.servlet.http.HttpServletRequest,javax.servlet.http.HttpServletResponse)
2017-09-21 21:01:38,443 [main] INFO  org.springframework.web.servlet.handler.SimpleUrlHandlerMapping - Mapped URL path [/webjars/**] onto handler of type [class org.springframework.web.servlet.resource.ResourceHttpRequestHandler]
2017-09-21 21:01:38,444 [main] INFO  org.springframework.web.servlet.handler.SimpleUrlHandlerMapping - Mapped URL path [/**] onto handler of type [class org.springframework.web.servlet.resource.ResourceHttpRequestHandler]
2017-09-21 21:01:38,668 [main] INFO  org.springframework.web.servlet.handler.SimpleUrlHandlerMapping - Mapped URL path [/**/favicon.ico] onto handler of type [class org.springframework.web.servlet.resource.ResourceHttpRequestHandler]
2017-09-21 21:01:39,981 [main] INFO  org.springframework.jmx.export.annotation.AnnotationMBeanExporter - Registering beans for JMX exposure on startup
2017-09-21 21:01:40,086 [main] INFO  org.apache.coyote.http11.Http11NioProtocol - Initializing ProtocolHandler ["http-nio-8080"]
2017-09-21 21:01:40,174 [main] INFO  org.apache.coyote.http11.Http11NioProtocol - Starting ProtocolHandler ["http-nio-8080"]
2017-09-21 21:01:40,247 [main] INFO  org.apache.tomcat.util.net.NioSelectorPool - Using a shared selector for servlet write/read
2017-09-21 21:01:40,356 [main] INFO  org.springframework.boot.context.embedded.tomcat.TomcatEmbeddedServletContainer - Tomcat started on port(s): 8080 (http)
2017-09-21 21:01:40,387 [main] INFO  com.cn.core.TraShaWebServiceApplication - Started TraShaWebServiceApplication in 18.496 seconds (JVM running for 19.597)
2017-09-21 21:01:47,755 [http-nio-8080-exec-1] INFO  org.apache.catalina.core.ContainerBase.[Tomcat].[localhost].[/] - Initializing Spring FrameworkServlet 'dispatcherServlet'
2017-09-21 21:01:47,757 [http-nio-8080-exec-1] INFO  org.springframework.web.servlet.DispatcherServlet - FrameworkServlet 'dispatcherServlet': initialization started
2017-09-21 21:01:47,919 [http-nio-8080-exec-1] INFO  org.springframework.web.servlet.DispatcherServlet - FrameworkServlet 'dispatcherServlet': initialization completed in 162 ms
2017-09-21 21:01:48,066 [http-nio-8080-exec-1] INFO  com.cn.controller.MainController - Getting All Parties
2017-09-21 21:04:53,382 [Thread-3] INFO  o.s.boot.context.embedded.AnnotationConfigEmbeddedWebApplicationContext - Closing org.springframework.boot.context.embedded.AnnotationConfigEmbeddedWebApplicationContext@1534f01b: startup date [Thu Sep 21 21:01:22 CST 2017]; root of context hierarchy
2017-09-21 21:04:53,384 [Thread-3] INFO  org.springframework.jmx.export.annotation.AnnotationMBeanExporter - Unregistering JMX-exposed beans on shutdown
2017-09-21 21:05:53,993 [main] INFO  com.cn.core.TraShaWebServiceApplication - Starting TraShaWebServiceApplication on hes-MacBook-Air.local with PID 23623 (/Users/hexinlai/Documents/TraSha/TraShaWebService/target/classes started by hexinlai in /Users/hexinlai/Documents/TraSha/TraShaWebService)
2017-09-21 21:05:53,998 [main] INFO  com.cn.core.TraShaWebServiceApplication - No active profile set, falling back to default profiles: default
2017-09-21 21:05:54,113 [main] INFO  o.s.boot.context.embedded.AnnotationConfigEmbeddedWebApplicationContext - Refreshing org.springframework.boot.context.embedded.AnnotationConfigEmbeddedWebApplicationContext@1534f01b: startup date [Thu Sep 21 21:05:54 CST 2017]; root of context hierarchy
2017-09-21 21:05:54,695 [background-preinit] INFO  org.hibernate.validator.internal.util.Version - HV000001: Hibernate Validator 5.3.5.Final
2017-09-21 21:05:57,046 [main] INFO  org.springframework.boot.context.embedded.tomcat.TomcatEmbeddedServletContainer - Tomcat initialized with port(s): 8080 (http)
2017-09-21 21:05:57,074 [main] INFO  org.apache.catalina.core.StandardService - Starting service [Tomcat]
2017-09-21 21:05:57,075 [main] INFO  org.apache.catalina.core.StandardEngine - Starting Servlet Engine: Apache Tomcat/8.5.16
2017-09-21 21:05:57,258 [localhost-startStop-1] INFO  org.apache.catalina.core.ContainerBase.[Tomcat].[localhost].[/] - Initializing Spring embedded WebApplicationContext
2017-09-21 21:05:57,258 [localhost-startStop-1] INFO  org.springframework.web.context.ContextLoader - Root WebApplicationContext: initialization completed in 3145 ms
2017-09-21 21:05:57,484 [localhost-startStop-1] INFO  org.springframework.boot.web.servlet.ServletRegistrationBean - Mapping servlet: 'dispatcherServlet' to [/]
2017-09-21 21:05:57,493 [localhost-startStop-1] INFO  org.springframework.boot.web.servlet.FilterRegistrationBean - Mapping filter: 'characterEncodingFilter' to: [/*]
2017-09-21 21:05:57,493 [localhost-startStop-1] INFO  org.springframework.boot.web.servlet.FilterRegistrationBean - Mapping filter: 'hiddenHttpMethodFilter' to: [/*]
2017-09-21 21:05:57,494 [localhost-startStop-1] INFO  org.springframework.boot.web.servlet.FilterRegistrationBean - Mapping filter: 'httpPutFormContentFilter' to: [/*]
2017-09-21 21:05:57,494 [localhost-startStop-1] INFO  org.springframework.boot.web.servlet.FilterRegistrationBean - Mapping filter: 'requestContextFilter' to: [/*]
2017-09-21 21:05:57,579 [main] INFO  com.cn.config.DataSourceConfiguration - Start To Set Datasource
2017-09-21 21:05:57,602 [main] INFO  org.springframework.jdbc.datasource.DriverManagerDataSource - Loaded JDBC driver: com.mysql.jdbc.Driver
2017-09-21 21:05:57,603 [main] INFO  com.cn.config.DataSourceConfiguration - Set Datasource Successfully
2017-09-21 21:05:57,932 [main] INFO  org.hibernate.annotations.common.Version - HCANN000001: Hibernate Commons Annotations {4.0.4.Final}
2017-09-21 21:05:57,942 [main] INFO  org.hibernate.Version - HHH000412: Hibernate Core {4.3.1.Final}
2017-09-21 21:05:57,946 [main] INFO  org.hibernate.cfg.Environment - HHH000206: hibernate.properties not found
2017-09-21 21:05:57,948 [main] INFO  org.hibernate.cfg.Environment - HHH000021: Bytecode provider name : javassist
2017-09-21 21:05:58,496 [main] INFO  org.hibernate.dialect.Dialect - HHH000400: Using dialect: org.hibernate.dialect.MySQLDialect
2017-09-21 21:05:58,672 [main] INFO  org.hibernate.engine.transaction.internal.TransactionFactoryInitiator - HHH000399: Using default transaction strategy (direct JDBC transactions)
2017-09-21 21:05:58,680 [main] INFO  org.hibernate.hql.internal.ast.ASTQueryTranslatorFactory - HHH000397: Using ASTQueryTranslatorFactory
2017-09-21 21:05:59,337 [main] INFO  org.springframework.orm.hibernate4.HibernateTransactionManager - Using DataSource [org.springframework.jdbc.datasource.DriverManagerDataSource@47d93e0d] of Hibernate SessionFactory for HibernateTransactionManager
2017-09-21 21:05:59,745 [main] INFO  o.springframework.web.servlet.mvc.method.annotation.RequestMappingHandlerAdapter - Looking for @ControllerAdvice: org.springframework.boot.context.embedded.AnnotationConfigEmbeddedWebApplicationContext@1534f01b: startup date [Thu Sep 21 21:05:54 CST 2017]; root of context hierarchy
2017-09-21 21:05:59,872 [main] INFO  o.springframework.web.servlet.mvc.method.annotation.RequestMappingHandlerMapping - Mapped "{[/sharings],methods=[GET]}" onto public java.util.List<com.cn.domain.SharingDomain> com.cn.controller.MainController.getFlowers()
2017-09-21 21:05:59,877 [main] INFO  o.springframework.web.servlet.mvc.method.annotation.RequestMappingHandlerMapping - Mapped "{[/sharings],methods=[POST]}" onto public void com.cn.controller.MainController.addFlower(com.cn.domain.SharingDomain)
2017-09-21 21:05:59,883 [main] INFO  o.springframework.web.servlet.mvc.method.annotation.RequestMappingHandlerMapping - Mapped "{[/error]}" onto public org.springframework.http.ResponseEntity<java.util.Map<java.lang.String, java.lang.Object>> org.springframework.boot.autoconfigure.web.BasicErrorController.error(javax.servlet.http.HttpServletRequest)
2017-09-21 21:05:59,884 [main] INFO  o.springframework.web.servlet.mvc.method.annotation.RequestMappingHandlerMapping - Mapped "{[/error],produces=[text/html]}" onto public org.springframework.web.servlet.ModelAndView org.springframework.boot.autoconfigure.web.BasicErrorController.errorHtml(javax.servlet.http.HttpServletRequest,javax.servlet.http.HttpServletResponse)
2017-09-21 21:05:59,943 [main] INFO  org.springframework.web.servlet.handler.SimpleUrlHandlerMapping - Mapped URL path [/webjars/**] onto handler of type [class org.springframework.web.servlet.resource.ResourceHttpRequestHandler]
2017-09-21 21:05:59,944 [main] INFO  org.springframework.web.servlet.handler.SimpleUrlHandlerMapping - Mapped URL path [/**] onto handler of type [class org.springframework.web.servlet.resource.ResourceHttpRequestHandler]
2017-09-21 21:06:00,011 [main] INFO  org.springframework.web.servlet.handler.SimpleUrlHandlerMapping - Mapped URL path [/**/favicon.ico] onto handler of type [class org.springframework.web.servlet.resource.ResourceHttpRequestHandler]
2017-09-21 21:06:00,390 [main] INFO  org.springframework.jmx.export.annotation.AnnotationMBeanExporter - Registering beans for JMX exposure on startup
2017-09-21 21:06:00,439 [main] INFO  org.apache.coyote.http11.Http11NioProtocol - Initializing ProtocolHandler ["http-nio-8080"]
2017-09-21 21:06:00,460 [main] INFO  org.apache.coyote.http11.Http11NioProtocol - Starting ProtocolHandler ["http-nio-8080"]
2017-09-21 21:06:00,483 [main] INFO  org.apache.tomcat.util.net.NioSelectorPool - Using a shared selector for servlet write/read
2017-09-21 21:06:00,515 [main] INFO  org.springframework.boot.context.embedded.tomcat.TomcatEmbeddedServletContainer - Tomcat started on port(s): 8080 (http)
2017-09-21 21:06:00,522 [main] INFO  com.cn.core.TraShaWebServiceApplication - Started TraShaWebServiceApplication in 6.998 seconds (JVM running for 8.301)
2017-09-21 21:06:02,452 [http-nio-8080-exec-1] INFO  org.apache.catalina.core.ContainerBase.[Tomcat].[localhost].[/] - Initializing Spring FrameworkServlet 'dispatcherServlet'
2017-09-21 21:06:02,453 [http-nio-8080-exec-1] INFO  org.springframework.web.servlet.DispatcherServlet - FrameworkServlet 'dispatcherServlet': initialization started
2017-09-21 21:06:02,483 [http-nio-8080-exec-1] INFO  org.springframework.web.servlet.DispatcherServlet - FrameworkServlet 'dispatcherServlet': initialization completed in 30 ms
2017-09-21 21:06:02,529 [http-nio-8080-exec-1] INFO  com.cn.controller.MainController - Getting All Sharings
2017-09-21 21:07:48,186 [http-nio-8080-exec-4] INFO  com.cn.controller.MainController - Getting All Sharings
2017-09-21 21:09:22,972 [http-nio-8080-exec-6] INFO  com.cn.controller.MainController - Getting All Sharings
2017-09-21 21:09:25,811 [http-nio-8080-exec-7] INFO  com.cn.controller.MainController - Getting All Sharings
2017-09-21 21:10:34,181 [http-nio-8080-exec-9] INFO  com.cn.controller.MainController - Getting All Sharings
2017-09-21 21:12:46,948 [http-nio-8080-exec-1] INFO  com.cn.controller.MainController - Getting All Sharings
2017-09-21 21:12:48,661 [http-nio-8080-exec-2] INFO  com.cn.controller.MainController - Getting All Sharings
2017-09-21 21:13:09,002 [Thread-3] INFO  o.s.boot.context.embedded.AnnotationConfigEmbeddedWebApplicationContext - Closing org.springframework.boot.context.embedded.AnnotationConfigEmbeddedWebApplicationContext@1534f01b: startup date [Thu Sep 21 21:05:54 CST 2017]; root of context hierarchy
2017-09-21 21:13:09,007 [Thread-3] INFO  org.springframework.jmx.export.annotation.AnnotationMBeanExporter - Unregistering JMX-exposed beans on shutdown
2017-09-21 21:18:56,917 [main] INFO  org.springframework.boot.test.context.SpringBootTestContextBootstrapper - Neither @ContextConfiguration nor @ContextHierarchy found for test class [com.cn.core.GoPartyWebServiceApplicationTests], using SpringBootContextLoader
2017-09-21 21:18:56,927 [main] INFO  org.springframework.test.context.support.AbstractContextLoader - Could not detect default resource locations for test class [com.cn.core.GoPartyWebServiceApplicationTests]: no resource found for suffixes {-context.xml, Context.groovy}.
2017-09-21 21:18:56,928 [main] INFO  org.springframework.test.context.support.AnnotationConfigContextLoaderUtils - Could not detect default configuration classes for test class [com.cn.core.GoPartyWebServiceApplicationTests]: GoPartyWebServiceApplicationTests does not declare any static, non-private, non-final, nested classes annotated with @Configuration.
2017-09-21 21:18:57,076 [main] INFO  org.springframework.boot.test.context.SpringBootTestContextBootstrapper - Found @SpringBootConfiguration com.cn.core.TraShaWebServiceApplication for test class com.cn.core.GoPartyWebServiceApplicationTests
2017-09-21 21:18:57,089 [main] INFO  org.springframework.boot.test.context.SpringBootTestContextBootstrapper - Loaded default TestExecutionListener class names from location [META-INF/spring.factories]: [org.springframework.boot.test.mock.mockito.MockitoTestExecutionListener, org.springframework.boot.test.mock.mockito.ResetMocksTestExecutionListener, org.springframework.boot.test.autoconfigure.restdocs.RestDocsTestExecutionListener, org.springframework.boot.test.autoconfigure.web.client.MockRestServiceServerResetTestExecutionListener, org.springframework.boot.test.autoconfigure.web.servlet.MockMvcPrintOnlyOnFailureTestExecutionListener, org.springframework.boot.test.autoconfigure.web.servlet.WebDriverTestExecutionListener, org.springframework.test.context.web.ServletTestExecutionListener, org.springframework.test.context.support.DirtiesContextBeforeModesTestExecutionListener, org.springframework.test.context.support.DependencyInjectionTestExecutionListener, org.springframework.test.context.support.DirtiesContextTestExecutionListener, org.springframework.test.context.transaction.TransactionalTestExecutionListener, org.springframework.test.context.jdbc.SqlScriptsTestExecutionListener]
2017-09-21 21:18:57,123 [main] INFO  org.springframework.boot.test.context.SpringBootTestContextBootstrapper - Using TestExecutionListeners: [org.springframework.test.context.web.ServletTestExecutionListener@6193932a, org.springframework.test.context.support.DirtiesContextBeforeModesTestExecutionListener@647fd8ce, org.springframework.boot.test.autoconfigure.SpringBootDependencyInjectionTestExecutionListener@159f197, org.springframework.test.context.support.DirtiesContextTestExecutionListener@78aab498, org.springframework.test.context.transaction.TransactionalTestExecutionListener@5dd6264, org.springframework.test.context.jdbc.SqlScriptsTestExecutionListener@1ffe63b9, org.springframework.boot.test.mock.mockito.MockitoTestExecutionListener@51e5fc98, org.springframework.boot.test.autoconfigure.restdocs.RestDocsTestExecutionListener@7c469c48, org.springframework.boot.test.mock.mockito.ResetMocksTestExecutionListener@12e61fe6, org.springframework.boot.test.autoconfigure.web.client.MockRestServiceServerResetTestExecutionListener@7ee955a8, org.springframework.boot.test.autoconfigure.web.servlet.MockMvcPrintOnlyOnFailureTestExecutionListener@1677d1, org.springframework.boot.test.autoconfigure.web.servlet.WebDriverTestExecutionListener@48fa0f47]
2017-09-21 21:18:57,130 [main] INFO  org.springframework.boot.test.context.SpringBootTestContextBootstrapper - Neither @ContextConfiguration nor @ContextHierarchy found for test class [com.cn.core.GoPartyWebServiceApplicationTests], using SpringBootContextLoader
2017-09-21 21:18:57,132 [main] INFO  org.springframework.test.context.support.AbstractContextLoader - Could not detect default resource locations for test class [com.cn.core.GoPartyWebServiceApplicationTests]: no resource found for suffixes {-context.xml, Context.groovy}.
2017-09-21 21:18:57,132 [main] INFO  org.springframework.test.context.support.AnnotationConfigContextLoaderUtils - Could not detect default configuration classes for test class [com.cn.core.GoPartyWebServiceApplicationTests]: GoPartyWebServiceApplicationTests does not declare any static, non-private, non-final, nested classes annotated with @Configuration.
2017-09-21 21:18:57,142 [main] INFO  org.springframework.boot.test.context.SpringBootTestContextBootstrapper - Found @SpringBootConfiguration com.cn.core.TraShaWebServiceApplication for test class com.cn.core.GoPartyWebServiceApplicationTests
2017-09-21 21:18:57,150 [main] INFO  org.springframework.boot.test.context.SpringBootTestContextBootstrapper - Loaded default TestExecutionListener class names from location [META-INF/spring.factories]: [org.springframework.boot.test.mock.mockito.MockitoTestExecutionListener, org.springframework.boot.test.mock.mockito.ResetMocksTestExecutionListener, org.springframework.boot.test.autoconfigure.restdocs.RestDocsTestExecutionListener, org.springframework.boot.test.autoconfigure.web.client.MockRestServiceServerResetTestExecutionListener, org.springframework.boot.test.autoconfigure.web.servlet.MockMvcPrintOnlyOnFailureTestExecutionListener, org.springframework.boot.test.autoconfigure.web.servlet.WebDriverTestExecutionListener, org.springframework.test.context.web.ServletTestExecutionListener, org.springframework.test.context.support.DirtiesContextBeforeModesTestExecutionListener, org.springframework.test.context.support.DependencyInjectionTestExecutionListener, org.springframework.test.context.support.DirtiesContextTestExecutionListener, org.springframework.test.context.transaction.TransactionalTestExecutionListener, org.springframework.test.context.jdbc.SqlScriptsTestExecutionListener]
2017-09-21 21:18:57,155 [main] INFO  org.springframework.boot.test.context.SpringBootTestContextBootstrapper - Using TestExecutionListeners: [org.springframework.test.context.web.ServletTestExecutionListener@49d904ec, org.springframework.test.context.support.DirtiesContextBeforeModesTestExecutionListener@48e4374, org.springframework.boot.test.autoconfigure.SpringBootDependencyInjectionTestExecutionListener@3d680b5a, org.springframework.test.context.support.DirtiesContextTestExecutionListener@4b5d6a01, org.springframework.test.context.transaction.TransactionalTestExecutionListener@4a22f9e2, org.springframework.test.context.jdbc.SqlScriptsTestExecutionListener@3c419631, org.springframework.boot.test.mock.mockito.MockitoTestExecutionListener@418e7838, org.springframework.boot.test.autoconfigure.restdocs.RestDocsTestExecutionListener@61230f6a, org.springframework.boot.test.mock.mockito.ResetMocksTestExecutionListener@3c130745, org.springframework.boot.test.autoconfigure.web.client.MockRestServiceServerResetTestExecutionListener@cd3fee8, org.springframework.boot.test.autoconfigure.web.servlet.MockMvcPrintOnlyOnFailureTestExecutionListener@3e2e18f2, org.springframework.boot.test.autoconfigure.web.servlet.WebDriverTestExecutionListener@470f1802]
2017-09-21 21:18:57,634 [main] INFO  com.cn.core.GoPartyWebServiceApplicationTests - Starting GoPartyWebServiceApplicationTests on hes-MacBook-Air.local with PID 23668 (started by hexinlai in /Users/hexinlai/Documents/TraSha/TraShaWebService)
2017-09-21 21:18:57,635 [main] INFO  com.cn.core.GoPartyWebServiceApplicationTests - No active profile set, falling back to default profiles: default
2017-09-21 21:18:57,706 [main] INFO  org.springframework.web.context.support.GenericWebApplicationContext - Refreshing org.springframework.web.context.support.GenericWebApplicationContext@7e7be63f: startup date [Thu Sep 21 21:18:57 CST 2017]; root of context hierarchy
2017-09-21 21:18:58,486 [background-preinit] INFO  org.hibernate.validator.internal.util.Version - HV000001: Hibernate Validator 5.3.5.Final
2017-09-21 21:18:59,712 [main] INFO  com.cn.config.DataSourceConfiguration - Start To Set Datasource
2017-09-21 21:18:59,727 [main] INFO  org.springframework.jdbc.datasource.DriverManagerDataSource - Loaded JDBC driver: com.mysql.jdbc.Driver
2017-09-21 21:18:59,727 [main] INFO  com.cn.config.DataSourceConfiguration - Set Datasource Successfully
2017-09-21 21:19:00,053 [main] INFO  org.hibernate.annotations.common.Version - HCANN000001: Hibernate Commons Annotations {4.0.4.Final}
2017-09-21 21:19:00,064 [main] INFO  org.hibernate.Version - HHH000412: Hibernate Core {4.3.1.Final}
2017-09-21 21:19:00,068 [main] INFO  org.hibernate.cfg.Environment - HHH000206: hibernate.properties not found
2017-09-21 21:19:00,070 [main] INFO  org.hibernate.cfg.Environment - HHH000021: Bytecode provider name : javassist
2017-09-21 21:19:00,721 [main] INFO  org.hibernate.dialect.Dialect - HHH000400: Using dialect: org.hibernate.dialect.MySQLDialect
2017-09-21 21:19:00,968 [main] INFO  org.hibernate.engine.transaction.internal.TransactionFactoryInitiator - HHH000399: Using default transaction strategy (direct JDBC transactions)
2017-09-21 21:19:00,979 [main] INFO  org.hibernate.hql.internal.ast.ASTQueryTranslatorFactory - HHH000397: Using ASTQueryTranslatorFactory
2017-09-21 21:19:01,503 [main] INFO  org.springframework.orm.hibernate4.HibernateTransactionManager - Using DataSource [org.springframework.jdbc.datasource.DriverManagerDataSource@3a45c42a] of Hibernate SessionFactory for HibernateTransactionManager
2017-09-21 21:19:02,319 [main] INFO  o.springframework.web.servlet.mvc.method.annotation.RequestMappingHandlerAdapter - Looking for @ControllerAdvice: org.springframework.web.context.support.GenericWebApplicationContext@7e7be63f: startup date [Thu Sep 21 21:18:57 CST 2017]; root of context hierarchy
2017-09-21 21:19:02,441 [main] INFO  o.springframework.web.servlet.mvc.method.annotation.RequestMappingHandlerMapping - Mapped "{[/sharings],methods=[GET]}" onto public java.util.List<com.cn.domain.SharingDomain> com.cn.controller.MainController.getFlowers()
2017-09-21 21:19:02,445 [main] INFO  o.springframework.web.servlet.mvc.method.annotation.RequestMappingHandlerMapping - Mapped "{[/sharings],methods=[POST]}" onto public void com.cn.controller.MainController.addFlower(com.cn.domain.SharingDomain)
2017-09-21 21:19:02,450 [main] INFO  o.springframework.web.servlet.mvc.method.annotation.RequestMappingHandlerMapping - Mapped "{[/error]}" onto public org.springframework.http.ResponseEntity<java.util.Map<java.lang.String, java.lang.Object>> org.springframework.boot.autoconfigure.web.BasicErrorController.error(javax.servlet.http.HttpServletRequest)
2017-09-21 21:19:02,452 [main] INFO  o.springframework.web.servlet.mvc.method.annotation.RequestMappingHandlerMapping - Mapped "{[/error],produces=[text/html]}" onto public org.springframework.web.servlet.ModelAndView org.springframework.boot.autoconfigure.web.BasicErrorController.errorHtml(javax.servlet.http.HttpServletRequest,javax.servlet.http.HttpServletResponse)
2017-09-21 21:19:02,511 [main] INFO  org.springframework.web.servlet.handler.SimpleUrlHandlerMapping - Mapped URL path [/webjars/**] onto handler of type [class org.springframework.web.servlet.resource.ResourceHttpRequestHandler]
2017-09-21 21:19:02,511 [main] INFO  org.springframework.web.servlet.handler.SimpleUrlHandlerMapping - Mapped URL path [/**] onto handler of type [class org.springframework.web.servlet.resource.ResourceHttpRequestHandler]
2017-09-21 21:19:02,579 [main] INFO  org.springframework.web.servlet.handler.SimpleUrlHandlerMapping - Mapped URL path [/**/favicon.ico] onto handler of type [class org.springframework.web.servlet.resource.ResourceHttpRequestHandler]
2017-09-21 21:19:02,996 [main] INFO  com.cn.core.GoPartyWebServiceApplicationTests - Started GoPartyWebServiceApplicationTests in 5.724 seconds (JVM running for 6.87)
2017-09-21 21:19:03,082 [Thread-2] INFO  org.springframework.web.context.support.GenericWebApplicationContext - Closing org.springframework.web.context.support.GenericWebApplicationContext@7e7be63f: startup date [Thu Sep 21 21:18:57 CST 2017]; root of context hierarchy
