2017-09-27 21:55:16,744 [main] INFO  org.springframework.boot.test.context.SpringBootTestContextBootstrapper - Neither @ContextConfiguration nor @ContextHierarchy found for test class [com.cn.core.GoPartyWebServiceApplicationTests], using SpringBootContextLoader
2017-09-27 21:55:16,755 [main] INFO  org.springframework.test.context.support.AbstractContextLoader - Could not detect default resource locations for test class [com.cn.core.GoPartyWebServiceApplicationTests]: no resource found for suffixes {-context.xml, Context.groovy}.
2017-09-27 21:55:16,757 [main] INFO  org.springframework.test.context.support.AnnotationConfigContextLoaderUtils - Could not detect default configuration classes for test class [com.cn.core.GoPartyWebServiceApplicationTests]: GoPartyWebServiceApplicationTests does not declare any static, non-private, non-final, nested classes annotated with @Configuration.
2017-09-27 21:55:17,010 [main] INFO  org.springframework.boot.test.context.SpringBootTestContextBootstrapper - Found @SpringBootConfiguration com.cn.core.TraShaWebServiceApplication for test class com.cn.core.GoPartyWebServiceApplicationTests
2017-09-27 21:55:17,029 [main] INFO  org.springframework.boot.test.context.SpringBootTestContextBootstrapper - Loaded default TestExecutionListener class names from location [META-INF/spring.factories]: [org.springframework.boot.test.mock.mockito.MockitoTestExecutionListener, org.springframework.boot.test.mock.mockito.ResetMocksTestExecutionListener, org.springframework.boot.test.autoconfigure.restdocs.RestDocsTestExecutionListener, org.springframework.boot.test.autoconfigure.web.client.MockRestServiceServerResetTestExecutionListener, org.springframework.boot.test.autoconfigure.web.servlet.MockMvcPrintOnlyOnFailureTestExecutionListener, org.springframework.boot.test.autoconfigure.web.servlet.WebDriverTestExecutionListener, org.springframework.test.context.web.ServletTestExecutionListener, org.springframework.test.context.support.DirtiesContextBeforeModesTestExecutionListener, org.springframework.test.context.support.DependencyInjectionTestExecutionListener, org.springframework.test.context.support.DirtiesContextTestExecutionListener, org.springframework.test.context.transaction.TransactionalTestExecutionListener, org.springframework.test.context.jdbc.SqlScriptsTestExecutionListener]
2017-09-27 21:55:17,088 [main] INFO  org.springframework.boot.test.context.SpringBootTestContextBootstrapper - Using TestExecutionListeners: [org.springframework.test.context.web.ServletTestExecutionListener@6193932a, org.springframework.test.context.support.DirtiesContextBeforeModesTestExecutionListener@647fd8ce, org.springframework.boot.test.autoconfigure.SpringBootDependencyInjectionTestExecutionListener@159f197, org.springframework.test.context.support.DirtiesContextTestExecutionListener@78aab498, org.springframework.test.context.transaction.TransactionalTestExecutionListener@5dd6264, org.springframework.test.context.jdbc.SqlScriptsTestExecutionListener@1ffe63b9, org.springframework.boot.test.mock.mockito.MockitoTestExecutionListener@51e5fc98, org.springframework.boot.test.autoconfigure.restdocs.RestDocsTestExecutionListener@7c469c48, org.springframework.boot.test.mock.mockito.ResetMocksTestExecutionListener@12e61fe6, org.springframework.boot.test.autoconfigure.web.client.MockRestServiceServerResetTestExecutionListener@7ee955a8, org.springframework.boot.test.autoconfigure.web.servlet.MockMvcPrintOnlyOnFailureTestExecutionListener@1677d1, org.springframework.boot.test.autoconfigure.web.servlet.WebDriverTestExecutionListener@48fa0f47]
2017-09-27 21:55:17,102 [main] INFO  org.springframework.boot.test.context.SpringBootTestContextBootstrapper - Neither @ContextConfiguration nor @ContextHierarchy found for test class [com.cn.core.GoPartyWebServiceApplicationTests], using SpringBootContextLoader
2017-09-27 21:55:17,103 [main] INFO  org.springframework.test.context.support.AbstractContextLoader - Could not detect default resource locations for test class [com.cn.core.GoPartyWebServiceApplicationTests]: no resource found for suffixes {-context.xml, Context.groovy}.
2017-09-27 21:55:17,104 [main] INFO  org.springframework.test.context.support.AnnotationConfigContextLoaderUtils - Could not detect default configuration classes for test class [com.cn.core.GoPartyWebServiceApplicationTests]: GoPartyWebServiceApplicationTests does not declare any static, non-private, non-final, nested classes annotated with @Configuration.
2017-09-27 21:55:17,114 [main] INFO  org.springframework.boot.test.context.SpringBootTestContextBootstrapper - Found @SpringBootConfiguration com.cn.core.TraShaWebServiceApplication for test class com.cn.core.GoPartyWebServiceApplicationTests
2017-09-27 21:55:17,122 [main] INFO  org.springframework.boot.test.context.SpringBootTestContextBootstrapper - Loaded default TestExecutionListener class names from location [META-INF/spring.factories]: [org.springframework.boot.test.mock.mockito.MockitoTestExecutionListener, org.springframework.boot.test.mock.mockito.ResetMocksTestExecutionListener, org.springframework.boot.test.autoconfigure.restdocs.RestDocsTestExecutionListener, org.springframework.boot.test.autoconfigure.web.client.MockRestServiceServerResetTestExecutionListener, org.springframework.boot.test.autoconfigure.web.servlet.MockMvcPrintOnlyOnFailureTestExecutionListener, org.springframework.boot.test.autoconfigure.web.servlet.WebDriverTestExecutionListener, org.springframework.test.context.web.ServletTestExecutionListener, org.springframework.test.context.support.DirtiesContextBeforeModesTestExecutionListener, org.springframework.test.context.support.DependencyInjectionTestExecutionListener, org.springframework.test.context.support.DirtiesContextTestExecutionListener, org.springframework.test.context.transaction.TransactionalTestExecutionListener, org.springframework.test.context.jdbc.SqlScriptsTestExecutionListener]
2017-09-27 21:55:17,147 [main] INFO  org.springframework.boot.test.context.SpringBootTestContextBootstrapper - Using TestExecutionListeners: [org.springframework.test.context.web.ServletTestExecutionListener@49d904ec, org.springframework.test.context.support.DirtiesContextBeforeModesTestExecutionListener@48e4374, org.springframework.boot.test.autoconfigure.SpringBootDependencyInjectionTestExecutionListener@3d680b5a, org.springframework.test.context.support.DirtiesContextTestExecutionListener@4b5d6a01, org.springframework.test.context.transaction.TransactionalTestExecutionListener@4a22f9e2, org.springframework.test.context.jdbc.SqlScriptsTestExecutionListener@3c419631, org.springframework.boot.test.mock.mockito.MockitoTestExecutionListener@418e7838, org.springframework.boot.test.autoconfigure.restdocs.RestDocsTestExecutionListener@61230f6a, org.springframework.boot.test.mock.mockito.ResetMocksTestExecutionListener@3c130745, org.springframework.boot.test.autoconfigure.web.client.MockRestServiceServerResetTestExecutionListener@cd3fee8, org.springframework.boot.test.autoconfigure.web.servlet.MockMvcPrintOnlyOnFailureTestExecutionListener@3e2e18f2, org.springframework.boot.test.autoconfigure.web.servlet.WebDriverTestExecutionListener@470f1802]
2017-09-27 21:55:18,093 [main] INFO  com.cn.core.GoPartyWebServiceApplicationTests - Starting GoPartyWebServiceApplicationTests on hes-MacBook-Air.local with PID 25155 (started by hexinlai in /Users/hexinlai/Documents/TraSha/TraShaWebService)
2017-09-27 21:55:18,095 [main] INFO  com.cn.core.GoPartyWebServiceApplicationTests - No active profile set, falling back to default profiles: default
2017-09-27 21:55:18,206 [main] INFO  org.springframework.web.context.support.GenericWebApplicationContext - Refreshing org.springframework.web.context.support.GenericWebApplicationContext@7e7be63f: startup date [Wed Sep 27 21:55:18 CST 2017]; root of context hierarchy
2017-09-27 21:55:19,085 [background-preinit] INFO  org.hibernate.validator.internal.util.Version - HV000001: Hibernate Validator 5.3.5.Final
2017-09-27 21:55:20,909 [main] INFO  com.cn.config.DataSourceConfiguration - Start To Set Datasource
2017-09-27 21:55:20,929 [main] INFO  org.springframework.jdbc.datasource.DriverManagerDataSource - Loaded JDBC driver: com.mysql.jdbc.Driver
2017-09-27 21:55:20,929 [main] INFO  com.cn.config.DataSourceConfiguration - Set Datasource Successfully
2017-09-27 21:55:21,286 [main] INFO  org.hibernate.annotations.common.Version - HCANN000001: Hibernate Commons Annotations {4.0.4.Final}
2017-09-27 21:55:21,297 [main] INFO  org.hibernate.Version - HHH000412: Hibernate Core {4.3.1.Final}
2017-09-27 21:55:21,300 [main] INFO  org.hibernate.cfg.Environment - HHH000206: hibernate.properties not found
2017-09-27 21:55:21,303 [main] INFO  org.hibernate.cfg.Environment - HHH000021: Bytecode provider name : javassist
2017-09-27 21:55:22,006 [main] INFO  org.hibernate.dialect.Dialect - HHH000400: Using dialect: org.hibernate.dialect.MySQLDialect
2017-09-27 21:55:22,281 [main] INFO  org.hibernate.engine.transaction.internal.TransactionFactoryInitiator - HHH000399: Using default transaction strategy (direct JDBC transactions)
2017-09-27 21:55:22,292 [main] INFO  org.hibernate.hql.internal.ast.ASTQueryTranslatorFactory - HHH000397: Using ASTQueryTranslatorFactory
2017-09-27 21:55:23,353 [main] INFO  org.springframework.orm.hibernate4.HibernateTransactionManager - Using DataSource [org.springframework.jdbc.datasource.DriverManagerDataSource@27a0a5a2] of Hibernate SessionFactory for HibernateTransactionManager
2017-09-27 21:55:24,967 [main] INFO  o.springframework.web.servlet.mvc.method.annotation.RequestMappingHandlerAdapter - Looking for @ControllerAdvice: org.springframework.web.context.support.GenericWebApplicationContext@7e7be63f: startup date [Wed Sep 27 21:55:18 CST 2017]; root of context hierarchy
2017-09-27 21:55:25,191 [main] INFO  o.springframework.web.servlet.mvc.method.annotation.RequestMappingHandlerMapping - Mapped "{[/sharings],methods=[GET]}" onto public java.util.List<com.cn.domain.SharingDomain> com.cn.controller.MainController.getFlowers()
2017-09-27 21:55:25,196 [main] INFO  o.springframework.web.servlet.mvc.method.annotation.RequestMappingHandlerMapping - Mapped "{[/sharings],methods=[POST]}" onto public void com.cn.controller.MainController.addFlower(com.cn.domain.SharingDomain)
2017-09-27 21:55:25,202 [main] INFO  o.springframework.web.servlet.mvc.method.annotation.RequestMappingHandlerMapping - Mapped "{[/user/register],methods=[POST]}" onto public boolean com.cn.controller.UserController.register(com.cn.domain.UserDomain)
2017-09-27 21:55:25,203 [main] INFO  o.springframework.web.servlet.mvc.method.annotation.RequestMappingHandlerMapping - Mapped "{[/user/login],methods=[POST]}" onto public boolean com.cn.controller.UserController.login(com.cn.domain.UserDomain)
2017-09-27 21:55:25,210 [main] INFO  o.springframework.web.servlet.mvc.method.annotation.RequestMappingHandlerMapping - Mapped "{[/error]}" onto public org.springframework.http.ResponseEntity<java.util.Map<java.lang.String, java.lang.Object>> org.springframework.boot.autoconfigure.web.BasicErrorController.error(javax.servlet.http.HttpServletRequest)
2017-09-27 21:55:25,211 [main] INFO  o.springframework.web.servlet.mvc.method.annotation.RequestMappingHandlerMapping - Mapped "{[/error],produces=[text/html]}" onto public org.springframework.web.servlet.ModelAndView org.springframework.boot.autoconfigure.web.BasicErrorController.errorHtml(javax.servlet.http.HttpServletRequest,javax.servlet.http.HttpServletResponse)
2017-09-27 21:55:25,346 [main] INFO  org.springframework.web.servlet.handler.SimpleUrlHandlerMapping - Mapped URL path [/webjars/**] onto handler of type [class org.springframework.web.servlet.resource.ResourceHttpRequestHandler]
2017-09-27 21:55:25,347 [main] INFO  org.springframework.web.servlet.handler.SimpleUrlHandlerMapping - Mapped URL path [/**] onto handler of type [class org.springframework.web.servlet.resource.ResourceHttpRequestHandler]
2017-09-27 21:55:25,476 [main] INFO  org.springframework.web.servlet.handler.SimpleUrlHandlerMapping - Mapped URL path [/**/favicon.ico] onto handler of type [class org.springframework.web.servlet.resource.ResourceHttpRequestHandler]
2017-09-27 21:55:26,182 [main] INFO  com.cn.core.GoPartyWebServiceApplicationTests - Started GoPartyWebServiceApplicationTests in 8.857 seconds (JVM running for 10.422)
2017-09-27 21:55:26,377 [Thread-2] INFO  org.springframework.web.context.support.GenericWebApplicationContext - Closing org.springframework.web.context.support.GenericWebApplicationContext@7e7be63f: startup date [Wed Sep 27 21:55:18 CST 2017]; root of context hierarchy
2017-09-27 21:55:41,185 [main] INFO  com.cn.core.TraShaWebServiceApplication - Starting TraShaWebServiceApplication on hes-MacBook-Air.local with PID 25171 (/Users/hexinlai/Documents/TraSha/TraShaWebService/target/classes started by hexinlai in /Users/hexinlai/Documents/TraSha/TraShaWebService)
2017-09-27 21:55:41,188 [main] INFO  com.cn.core.TraShaWebServiceApplication - No active profile set, falling back to default profiles: default
2017-09-27 21:55:41,289 [main] INFO  o.s.boot.context.embedded.AnnotationConfigEmbeddedWebApplicationContext - Refreshing org.springframework.boot.context.embedded.AnnotationConfigEmbeddedWebApplicationContext@1534f01b: startup date [Wed Sep 27 21:55:41 CST 2017]; root of context hierarchy
2017-09-27 21:55:41,722 [background-preinit] INFO  org.hibernate.validator.internal.util.Version - HV000001: Hibernate Validator 5.3.5.Final
2017-09-27 21:55:43,793 [main] INFO  org.springframework.boot.context.embedded.tomcat.TomcatEmbeddedServletContainer - Tomcat initialized with port(s): 8080 (http)
2017-09-27 21:55:43,821 [main] INFO  org.apache.catalina.core.StandardService - Starting service [Tomcat]
2017-09-27 21:55:43,823 [main] INFO  org.apache.catalina.core.StandardEngine - Starting Servlet Engine: Apache Tomcat/8.5.16
2017-09-27 21:55:44,004 [localhost-startStop-1] INFO  org.apache.catalina.core.ContainerBase.[Tomcat].[localhost].[/] - Initializing Spring embedded WebApplicationContext
2017-09-27 21:55:44,004 [localhost-startStop-1] INFO  org.springframework.web.context.ContextLoader - Root WebApplicationContext: initialization completed in 2715 ms
2017-09-27 21:55:44,250 [localhost-startStop-1] INFO  org.springframework.boot.web.servlet.ServletRegistrationBean - Mapping servlet: 'dispatcherServlet' to [/]
2017-09-27 21:55:44,255 [localhost-startStop-1] INFO  org.springframework.boot.web.servlet.FilterRegistrationBean - Mapping filter: 'characterEncodingFilter' to: [/*]
2017-09-27 21:55:44,256 [localhost-startStop-1] INFO  org.springframework.boot.web.servlet.FilterRegistrationBean - Mapping filter: 'hiddenHttpMethodFilter' to: [/*]
2017-09-27 21:55:44,257 [localhost-startStop-1] INFO  org.springframework.boot.web.servlet.FilterRegistrationBean - Mapping filter: 'httpPutFormContentFilter' to: [/*]
2017-09-27 21:55:44,257 [localhost-startStop-1] INFO  org.springframework.boot.web.servlet.FilterRegistrationBean - Mapping filter: 'requestContextFilter' to: [/*]
2017-09-27 21:55:44,362 [main] INFO  com.cn.config.DataSourceConfiguration - Start To Set Datasource
2017-09-27 21:55:44,386 [main] INFO  org.springframework.jdbc.datasource.DriverManagerDataSource - Loaded JDBC driver: com.mysql.jdbc.Driver
2017-09-27 21:55:44,386 [main] INFO  com.cn.config.DataSourceConfiguration - Set Datasource Successfully
2017-09-27 21:55:44,663 [main] INFO  org.hibernate.annotations.common.Version - HCANN000001: Hibernate Commons Annotations {4.0.4.Final}
2017-09-27 21:55:44,670 [main] INFO  org.hibernate.Version - HHH000412: Hibernate Core {4.3.1.Final}
2017-09-27 21:55:44,672 [main] INFO  org.hibernate.cfg.Environment - HHH000206: hibernate.properties not found
2017-09-27 21:55:44,675 [main] INFO  org.hibernate.cfg.Environment - HHH000021: Bytecode provider name : javassist
2017-09-27 21:55:45,171 [main] INFO  org.hibernate.dialect.Dialect - HHH000400: Using dialect: org.hibernate.dialect.MySQLDialect
2017-09-27 21:55:45,318 [main] INFO  org.hibernate.engine.transaction.internal.TransactionFactoryInitiator - HHH000399: Using default transaction strategy (direct JDBC transactions)
2017-09-27 21:55:45,327 [main] INFO  org.hibernate.hql.internal.ast.ASTQueryTranslatorFactory - HHH000397: Using ASTQueryTranslatorFactory
2017-09-27 21:55:45,920 [main] INFO  org.springframework.orm.hibernate4.HibernateTransactionManager - Using DataSource [org.springframework.jdbc.datasource.DriverManagerDataSource@182b435b] of Hibernate SessionFactory for HibernateTransactionManager
2017-09-27 21:55:46,343 [main] INFO  o.springframework.web.servlet.mvc.method.annotation.RequestMappingHandlerAdapter - Looking for @ControllerAdvice: org.springframework.boot.context.embedded.AnnotationConfigEmbeddedWebApplicationContext@1534f01b: startup date [Wed Sep 27 21:55:41 CST 2017]; root of context hierarchy
2017-09-27 21:55:46,476 [main] INFO  o.springframework.web.servlet.mvc.method.annotation.RequestMappingHandlerMapping - Mapped "{[/sharings],methods=[GET]}" onto public java.util.List<com.cn.domain.SharingDomain> com.cn.controller.MainController.getFlowers()
2017-09-27 21:55:46,482 [main] INFO  o.springframework.web.servlet.mvc.method.annotation.RequestMappingHandlerMapping - Mapped "{[/sharings],methods=[POST]}" onto public void com.cn.controller.MainController.addFlower(com.cn.domain.SharingDomain)
2017-09-27 21:55:46,483 [main] INFO  o.springframework.web.servlet.mvc.method.annotation.RequestMappingHandlerMapping - Mapped "{[/user/register],methods=[POST]}" onto public boolean com.cn.controller.UserController.register(com.cn.domain.UserDomain)
2017-09-27 21:55:46,484 [main] INFO  o.springframework.web.servlet.mvc.method.annotation.RequestMappingHandlerMapping - Mapped "{[/user/login],methods=[POST]}" onto public boolean com.cn.controller.UserController.login(com.cn.domain.UserDomain)
2017-09-27 21:55:46,489 [main] INFO  o.springframework.web.servlet.mvc.method.annotation.RequestMappingHandlerMapping - Mapped "{[/error]}" onto public org.springframework.http.ResponseEntity<java.util.Map<java.lang.String, java.lang.Object>> org.springframework.boot.autoconfigure.web.BasicErrorController.error(javax.servlet.http.HttpServletRequest)
2017-09-27 21:55:46,491 [main] INFO  o.springframework.web.servlet.mvc.method.annotation.RequestMappingHandlerMapping - Mapped "{[/error],produces=[text/html]}" onto public org.springframework.web.servlet.ModelAndView org.springframework.boot.autoconfigure.web.BasicErrorController.errorHtml(javax.servlet.http.HttpServletRequest,javax.servlet.http.HttpServletResponse)
2017-09-27 21:55:46,552 [main] INFO  org.springframework.web.servlet.handler.SimpleUrlHandlerMapping - Mapped URL path [/webjars/**] onto handler of type [class org.springframework.web.servlet.resource.ResourceHttpRequestHandler]
2017-09-27 21:55:46,552 [main] INFO  org.springframework.web.servlet.handler.SimpleUrlHandlerMapping - Mapped URL path [/**] onto handler of type [class org.springframework.web.servlet.resource.ResourceHttpRequestHandler]
2017-09-27 21:55:46,625 [main] INFO  org.springframework.web.servlet.handler.SimpleUrlHandlerMapping - Mapped URL path [/**/favicon.ico] onto handler of type [class org.springframework.web.servlet.resource.ResourceHttpRequestHandler]
2017-09-27 21:55:47,066 [main] INFO  org.springframework.jmx.export.annotation.AnnotationMBeanExporter - Registering beans for JMX exposure on startup
2017-09-27 21:55:47,100 [main] INFO  org.apache.coyote.http11.Http11NioProtocol - Initializing ProtocolHandler ["http-nio-8080"]
2017-09-27 21:55:47,128 [main] INFO  org.apache.coyote.http11.Http11NioProtocol - Starting ProtocolHandler ["http-nio-8080"]
2017-09-27 21:55:47,156 [main] INFO  org.apache.tomcat.util.net.NioSelectorPool - Using a shared selector for servlet write/read
2017-09-27 21:55:47,188 [main] INFO  org.springframework.boot.context.embedded.tomcat.TomcatEmbeddedServletContainer - Tomcat started on port(s): 8080 (http)
2017-09-27 21:55:47,201 [main] INFO  com.cn.core.TraShaWebServiceApplication - Started TraShaWebServiceApplication in 6.504 seconds (JVM running for 7.412)
2017-09-27 21:56:42,452 [http-nio-8080-exec-1] INFO  org.apache.catalina.core.ContainerBase.[Tomcat].[localhost].[/] - Initializing Spring FrameworkServlet 'dispatcherServlet'
2017-09-27 21:56:42,452 [http-nio-8080-exec-1] INFO  org.springframework.web.servlet.DispatcherServlet - FrameworkServlet 'dispatcherServlet': initialization started
2017-09-27 21:56:42,488 [http-nio-8080-exec-1] INFO  org.springframework.web.servlet.DispatcherServlet - FrameworkServlet 'dispatcherServlet': initialization completed in 36 ms
2017-09-27 21:56:42,663 [http-nio-8080-exec-1] INFO  com.cn.controller.UserController - Register User: null
2017-09-27 21:58:25,180 [Thread-3] INFO  o.s.boot.context.embedded.AnnotationConfigEmbeddedWebApplicationContext - Closing org.springframework.boot.context.embedded.AnnotationConfigEmbeddedWebApplicationContext@1534f01b: startup date [Wed Sep 27 21:55:41 CST 2017]; root of context hierarchy
2017-09-27 21:58:25,183 [Thread-3] INFO  org.springframework.jmx.export.annotation.AnnotationMBeanExporter - Unregistering JMX-exposed beans on shutdown
